<?xml version="1.0" encoding="UTF-8"?>
<testsuite name="com.az.walletserver.AzWalletServerApplicationTests" tests="12" skipped="0" failures="0" errors="0" timestamp="2019-06-13T22:50:09" hostname="NRWPTEC02BJHB-W" time="2.004">
  <properties/>
  <testcase name="testCase1" classname="com.az.walletserver.AzWalletServerApplicationTests" time="0.959"/>
  <testcase name="testCase2" classname="com.az.walletserver.AzWalletServerApplicationTests" time="0.199"/>
  <testcase name="testCase3" classname="com.az.walletserver.AzWalletServerApplicationTests" time="0.076"/>
  <testcase name="testCase4" classname="com.az.walletserver.AzWalletServerApplicationTests" time="0.044"/>
  <testcase name="testCase5" classname="com.az.walletserver.AzWalletServerApplicationTests" time="0.113"/>
  <testcase name="testCase6" classname="com.az.walletserver.AzWalletServerApplicationTests" time="0.072"/>
  <testcase name="testCase7" classname="com.az.walletserver.AzWalletServerApplicationTests" time="0.038"/>
  <testcase name="testCase8" classname="com.az.walletserver.AzWalletServerApplicationTests" time="0.133"/>
  <testcase name="testCase9" classname="com.az.walletserver.AzWalletServerApplicationTests" time="0.031"/>
  <testcase name="testCase10" classname="com.az.walletserver.AzWalletServerApplicationTests" time="0.105"/>
  <testcase name="testCase11" classname="com.az.walletserver.AzWalletServerApplicationTests" time="0.016"/>
  <testcase name="testCase12" classname="com.az.walletserver.AzWalletServerApplicationTests" time="0.206"/>
  <system-out><![CDATA[02:49:53.304 [Test worker] DEBUG org.springframework.test.context.junit4.SpringJUnit4ClassRunner - SpringJUnit4ClassRunner constructor called with [class com.az.walletserver.AzWalletServerApplicationTests]
02:49:53.318 [Test worker] DEBUG org.springframework.test.context.BootstrapUtils - Instantiating CacheAwareContextLoaderDelegate from class [org.springframework.test.context.cache.DefaultCacheAwareContextLoaderDelegate]
02:49:53.335 [Test worker] DEBUG org.springframework.test.context.BootstrapUtils - Instantiating BootstrapContext using constructor [public org.springframework.test.context.support.DefaultBootstrapContext(java.lang.Class,org.springframework.test.context.CacheAwareContextLoaderDelegate)]
02:49:53.391 [Test worker] DEBUG org.springframework.test.context.BootstrapUtils - Instantiating TestContextBootstrapper for test class [com.az.walletserver.AzWalletServerApplicationTests] from class [org.springframework.boot.test.context.SpringBootTestContextBootstrapper]
02:49:53.434 [Test worker] INFO org.springframework.boot.test.context.SpringBootTestContextBootstrapper - Neither @ContextConfiguration nor @ContextHierarchy found for test class [com.az.walletserver.AzWalletServerApplicationTests], using SpringBootContextLoader
02:49:53.440 [Test worker] DEBUG org.springframework.test.context.support.AbstractContextLoader - Did not detect default resource location for test class [com.az.walletserver.AzWalletServerApplicationTests]: class path resource [com/az/walletserver/AzWalletServerApplicationTests-context.xml] does not exist
02:49:53.441 [Test worker] DEBUG org.springframework.test.context.support.AbstractContextLoader - Did not detect default resource location for test class [com.az.walletserver.AzWalletServerApplicationTests]: class path resource [com/az/walletserver/AzWalletServerApplicationTestsContext.groovy] does not exist
02:49:53.442 [Test worker] INFO org.springframework.test.context.support.AbstractContextLoader - Could not detect default resource locations for test class [com.az.walletserver.AzWalletServerApplicationTests]: no resource found for suffixes {-context.xml, Context.groovy}.
02:49:53.444 [Test worker] INFO org.springframework.test.context.support.AnnotationConfigContextLoaderUtils - Could not detect default configuration classes for test class [com.az.walletserver.AzWalletServerApplicationTests]: AzWalletServerApplicationTests does not declare any static, non-private, non-final, nested classes annotated with @Configuration.
02:49:53.535 [Test worker] DEBUG org.springframework.test.context.support.ActiveProfilesUtils - Could not find an 'annotation declaring class' for annotation type [org.springframework.test.context.ActiveProfiles] and class [com.az.walletserver.AzWalletServerApplicationTests]
02:49:53.658 [Test worker] DEBUG org.springframework.context.annotation.ClassPathScanningCandidateComponentProvider - Identified candidate component class: file [D:\grpc-workspace\wallet-server\build\classes\java\main\com\az\walletserver\AzWalletServerApplication.class]
02:49:53.659 [Test worker] INFO org.springframework.boot.test.context.SpringBootTestContextBootstrapper - Found @SpringBootConfiguration com.az.walletserver.AzWalletServerApplication for test class com.az.walletserver.AzWalletServerApplicationTests
02:49:53.794 [Test worker] DEBUG org.springframework.boot.test.context.SpringBootTestContextBootstrapper - @TestExecutionListeners is not present for class [com.az.walletserver.AzWalletServerApplicationTests]: using defaults.
02:49:53.795 [Test worker] INFO org.springframework.boot.test.context.SpringBootTestContextBootstrapper - Loaded default TestExecutionListener class names from location [META-INF/spring.factories]: [org.springframework.boot.test.autoconfigure.restdocs.RestDocsTestExecutionListener, org.springframework.boot.test.autoconfigure.web.client.MockRestServiceServerResetTestExecutionListener, org.springframework.boot.test.autoconfigure.web.servlet.MockMvcPrintOnlyOnFailureTestExecutionListener, org.springframework.boot.test.autoconfigure.web.servlet.WebDriverTestExecutionListener, org.springframework.boot.test.mock.mockito.MockitoTestExecutionListener, org.springframework.boot.test.mock.mockito.ResetMocksTestExecutionListener, org.springframework.test.context.web.ServletTestExecutionListener, org.springframework.test.context.support.DirtiesContextBeforeModesTestExecutionListener, org.springframework.test.context.support.DependencyInjectionTestExecutionListener, org.springframework.test.context.support.DirtiesContextTestExecutionListener, org.springframework.test.context.transaction.TransactionalTestExecutionListener, org.springframework.test.context.jdbc.SqlScriptsTestExecutionListener]
02:49:53.813 [Test worker] DEBUG org.springframework.boot.test.context.SpringBootTestContextBootstrapper - Skipping candidate TestExecutionListener [org.springframework.test.context.web.ServletTestExecutionListener] due to a missing dependency. Specify custom listener classes or make the default listener classes and their required dependencies available. Offending class: [javax/servlet/ServletContext]
02:49:53.829 [Test worker] INFO org.springframework.boot.test.context.SpringBootTestContextBootstrapper - Using TestExecutionListeners: [org.springframework.test.context.support.DirtiesContextBeforeModesTestExecutionListener@2de42ea1, org.springframework.boot.test.mock.mockito.MockitoTestExecutionListener@3553552d, org.springframework.boot.test.autoconfigure.SpringBootDependencyInjectionTestExecutionListener@7d83b1da, org.springframework.test.context.support.DirtiesContextTestExecutionListener@1bd87c57, org.springframework.test.context.transaction.TransactionalTestExecutionListener@1745d8ab, org.springframework.test.context.jdbc.SqlScriptsTestExecutionListener@38100d53, org.springframework.boot.test.autoconfigure.restdocs.RestDocsTestExecutionListener@58fd66ea, org.springframework.boot.test.autoconfigure.web.client.MockRestServiceServerResetTestExecutionListener@9f8366, org.springframework.boot.test.autoconfigure.web.servlet.MockMvcPrintOnlyOnFailureTestExecutionListener@39a6935e, org.springframework.boot.test.autoconfigure.web.servlet.WebDriverTestExecutionListener@1647bac, org.springframework.boot.test.mock.mockito.ResetMocksTestExecutionListener@329d975c]
02:49:53.834 [Test worker] DEBUG org.springframework.test.annotation.ProfileValueUtils - Retrieved @ProfileValueSourceConfiguration [null] for test class [com.az.walletserver.AzWalletServerApplicationTests]
02:49:53.835 [Test worker] DEBUG org.springframework.test.annotation.ProfileValueUtils - Retrieved ProfileValueSource type [class org.springframework.test.annotation.SystemProfileValueSource] for class [com.az.walletserver.AzWalletServerApplicationTests]
02:49:53.836 [Test worker] DEBUG org.springframework.test.annotation.ProfileValueUtils - Retrieved @ProfileValueSourceConfiguration [null] for test class [com.az.walletserver.AzWalletServerApplicationTests]
02:49:53.836 [Test worker] DEBUG org.springframework.test.annotation.ProfileValueUtils - Retrieved ProfileValueSource type [class org.springframework.test.annotation.SystemProfileValueSource] for class [com.az.walletserver.AzWalletServerApplicationTests]
02:49:53.844 [Test worker] DEBUG org.springframework.test.context.support.AbstractDirtiesContextTestExecutionListener - Before test class: context [DefaultTestContext@3c15d56 testClass = AzWalletServerApplicationTests, testInstance = [null], testMethod = [null], testException = [null], mergedContextConfiguration = [MergedContextConfiguration@3587891a testClass = AzWalletServerApplicationTests, locations = '{}', classes = '{class com.az.walletserver.AzWalletServerApplication}', contextInitializerClasses = '[]', activeProfiles = '{}', propertySourceLocations = '{}', propertySourceProperties = '{org.springframework.boot.test.context.SpringBootTestContextBootstrapper=true}', contextCustomizers = set[org.springframework.boot.test.autoconfigure.properties.PropertyMappingContextCustomizer@0, org.springframework.boot.test.autoconfigure.web.servlet.WebDriverContextCustomizerFactory$Customizer@7d8ff19f, org.springframework.boot.test.context.filter.ExcludeFilterContextCustomizer@515560a8, org.springframework.boot.test.json.DuplicateJsonObjectContextCustomizerFactory$DuplicateJsonObjectContextCustomizer@6c8c6d1c, org.springframework.boot.test.mock.mockito.MockitoContextCustomizer@0, org.springframework.boot.test.web.client.TestRestTemplateContextCustomizer@11efe6b6], contextLoader = 'org.springframework.boot.test.context.SpringBootContextLoader', parent = [null]], attributes = map[[empty]]], class annotated with @DirtiesContext [false] with mode [null].
02:49:53.845 [Test worker] DEBUG org.springframework.test.annotation.ProfileValueUtils - Retrieved @ProfileValueSourceConfiguration [null] for test class [com.az.walletserver.AzWalletServerApplicationTests]
02:49:53.845 [Test worker] DEBUG org.springframework.test.annotation.ProfileValueUtils - Retrieved ProfileValueSource type [class org.springframework.test.annotation.SystemProfileValueSource] for class [com.az.walletserver.AzWalletServerApplicationTests]
02:49:53.852 [Test worker] DEBUG org.springframework.test.context.support.DependencyInjectionTestExecutionListener - Performing dependency injection for test context [[DefaultTestContext@3c15d56 testClass = AzWalletServerApplicationTests, testInstance = com.az.walletserver.AzWalletServerApplicationTests@747702c, testMethod = [null], testException = [null], mergedContextConfiguration = [MergedContextConfiguration@3587891a testClass = AzWalletServerApplicationTests, locations = '{}', classes = '{class com.az.walletserver.AzWalletServerApplication}', contextInitializerClasses = '[]', activeProfiles = '{}', propertySourceLocations = '{}', propertySourceProperties = '{org.springframework.boot.test.context.SpringBootTestContextBootstrapper=true}', contextCustomizers = set[org.springframework.boot.test.autoconfigure.properties.PropertyMappingContextCustomizer@0, org.springframework.boot.test.autoconfigure.web.servlet.WebDriverContextCustomizerFactory$Customizer@7d8ff19f, org.springframework.boot.test.context.filter.ExcludeFilterContextCustomizer@515560a8, org.springframework.boot.test.json.DuplicateJsonObjectContextCustomizerFactory$DuplicateJsonObjectContextCustomizer@6c8c6d1c, org.springframework.boot.test.mock.mockito.MockitoContextCustomizer@0, org.springframework.boot.test.web.client.TestRestTemplateContextCustomizer@11efe6b6], contextLoader = 'org.springframework.boot.test.context.SpringBootContextLoader', parent = [null]], attributes = map[[empty]]]].
02:49:53.882 [Test worker] DEBUG org.springframework.test.context.support.TestPropertySourceUtils - Adding inlined properties to environment: {spring.jmx.enabled=false, org.springframework.boot.test.context.SpringBootTestContextBootstrapper=true, server.port=-1}

  .   ____          _            __ _ _
 /\\ / ___'_ __ _ _(_)_ __  __ _ \ \ \ \
( ( )\___ | '_ | '_| | '_ \/ _` | \ \ \ \
 \\/  ___)| |_)| | | | | || (_| |  ) ) ) )
  '  |____| .__|_| |_|_| |_\__, | / / / /
 =========|_|==============|___/=/_/_/_/
 :: Spring Boot ::        (v2.1.5.RELEASE)

2019-06-14 02:49:54.287  INFO 60128 --- [    Test worker] c.a.w.AzWalletServerApplicationTests     : Starting AzWalletServerApplicationTests on NRWPTEC02BJHB-W with PID 60128 (started by Az in D:\grpc-workspace\wallet-server)
2019-06-14 02:49:54.289  INFO 60128 --- [    Test worker] c.a.w.AzWalletServerApplicationTests     : No active profile set, falling back to default profiles: default
2019-06-14 02:49:55.062  INFO 60128 --- [    Test worker] .s.d.r.c.RepositoryConfigurationDelegate : Bootstrapping Spring Data repositories in DEFAULT mode.
2019-06-14 02:49:55.191  INFO 60128 --- [    Test worker] .s.d.r.c.RepositoryConfigurationDelegate : Finished Spring Data repository scanning in 117ms. Found 3 repository interfaces.
2019-06-14 02:49:56.070  INFO 60128 --- [    Test worker] com.zaxxer.hikari.HikariDataSource       : HikariPool-1 - Starting...
2019-06-14 02:49:56.327  INFO 60128 --- [    Test worker] com.zaxxer.hikari.HikariDataSource       : HikariPool-1 - Start completed.
2019-06-14 02:50:02.714  INFO 60128 --- [    Test worker] o.hibernate.jpa.internal.util.LogHelper  : HHH000204: Processing PersistenceUnitInfo [
	name: default
	...]
2019-06-14 02:50:02.847  INFO 60128 --- [    Test worker] org.hibernate.Version                    : HHH000412: Hibernate Core {5.3.10.Final}
2019-06-14 02:50:02.850  INFO 60128 --- [    Test worker] org.hibernate.cfg.Environment            : HHH000206: hibernate.properties not found
2019-06-14 02:50:03.305  INFO 60128 --- [    Test worker] o.hibernate.annotations.common.Version   : HCANN000001: Hibernate Commons Annotations {5.0.4.Final}
2019-06-14 02:50:03.800  INFO 60128 --- [    Test worker] org.hibernate.dialect.Dialect            : HHH000400: Using dialect: org.hibernate.dialect.MySQL5InnoDBDialect
2019-06-14 02:50:06.810  INFO 60128 --- [    Test worker] j.LocalContainerEntityManagerFactoryBean : Initialized JPA EntityManagerFactory for persistence unit 'default'
2019-06-14 02:50:07.710  INFO 60128 --- [    Test worker] o.s.s.concurrent.ThreadPoolTaskExecutor  : Initializing ExecutorService
2019-06-14 02:50:07.730  INFO 60128 --- [    Test worker] o.s.s.concurrent.ThreadPoolTaskExecutor  : Initializing ExecutorService 'taskExecutor'
2019-06-14 02:50:08.539  INFO 60128 --- [    Test worker] c.a.w.AzWalletServerApplicationTests     : Started AzWalletServerApplicationTests in 14.654 seconds (JVM running for 18.199)
2019-06-14 02:50:08.541  INFO 60128 --- [    Test worker] o.l.springboot.grpc.GRpcServerRunner     : Starting gRPC Server ...
2019-06-14 02:50:08.619  INFO 60128 --- [    Test worker] o.l.springboot.grpc.GRpcServerRunner     : 'com.az.walletserver.services.grpc.WalletServerGRpcServiceImpl' service has been registered.
2019-06-14 02:50:08.630  INFO 60128 --- [    Test worker] o.l.springboot.grpc.GRpcServerRunner     : 'io.grpc.protobuf.services.ProtoReflectionService' service has been registered.
2019-06-14 02:50:09.901  INFO 60128 --- [    Test worker] o.l.springboot.grpc.GRpcServerRunner     : gRPC Server started, listening on port 6565.
2019-06-14 02:50:10.099  INFO 60128 --- [    Test worker] c.a.w.AzWalletServerApplicationTests     : Sending request to server 
2019-06-14 02:50:10.503  INFO 60128 --- [ault-executor-0] c.a.w.s.g.WalletServerGRpcServiceImpl    : Server received request for Withdraw!
2019-06-14 02:50:10.503  INFO 60128 --- [ault-executor-0] c.a.w.s.g.WalletServerGRpcServiceImpl    : validateAndProcessRequest method called!
2019-06-14 02:50:10.505  INFO 60128 --- [ault-executor-0] com.az.walletserver.util.CurrencyUtils   : Currency Code is valid by java.util.Currency, Currency Symbol USD $ 
2019-06-14 02:50:10.505  INFO 60128 --- [ault-executor-0] c.a.w.s.g.WalletServerGRpcServiceImpl    : validateUserIdAndProcess method called!
2019-06-14 02:50:10.628  INFO 60128 --- [ault-executor-0] c.a.w.s.g.WalletServerGRpcServiceImpl    : validateAmountAndProcess method called!
2019-06-14 02:50:10.628  INFO 60128 --- [ault-executor-0] c.a.w.s.g.WalletServerGRpcServiceImpl    : getUserWalletEntity method called userId 1 , currencyCode USD
2019-06-14 02:50:10.637  INFO 60128 --- [ault-executor-0] c.a.w.services.UserWalletService         : Get UserWalletEntity from DB with parameter userId, currencyCode 1 USD
2019-06-14 02:50:10.674  INFO 60128 --- [ault-executor-0] o.h.h.i.QueryTranslatorFactoryInitiator  : HHH000397: Using ASTQueryTranslatorFactory
2019-06-14 02:50:10.857  INFO 60128 --- [ault-executor-0] c.a.w.s.g.WalletServerGRpcServiceImpl    : processWithdrawRequest called after all the validations passed!
2019-06-14 02:50:10.857  INFO 60128 --- [ault-executor-0] c.a.w.s.g.WalletServerGRpcServiceImpl    : Requested amount should be <= user wallet balance requestAmount 200, userWalletBalance 0 
2019-06-14 02:50:10.876  INFO 60128 --- [    Test worker] c.a.w.AzWalletServerApplicationTests     : Sending request to server 
2019-06-14 02:50:10.885  INFO 60128 --- [ault-executor-0] c.a.w.s.g.WalletServerGRpcServiceImpl    : Server Receive Deposit request!
2019-06-14 02:50:10.885  INFO 60128 --- [ault-executor-0] c.a.w.s.g.WalletServerGRpcServiceImpl    : validateAndProcessRequest method called!
2019-06-14 02:50:10.885  INFO 60128 --- [ault-executor-0] com.az.walletserver.util.CurrencyUtils   : Currency Code is valid by java.util.Currency, Currency Symbol USD $ 
2019-06-14 02:50:10.886  INFO 60128 --- [ault-executor-0] c.a.w.s.g.WalletServerGRpcServiceImpl    : validateUserIdAndProcess method called!
2019-06-14 02:50:10.889  INFO 60128 --- [ault-executor-0] c.a.w.s.g.WalletServerGRpcServiceImpl    : validateAmountAndProcess method called!
2019-06-14 02:50:10.890  INFO 60128 --- [ault-executor-0] c.a.w.s.g.WalletServerGRpcServiceImpl    : getUserWalletEntity method called userId 1 , currencyCode USD
2019-06-14 02:50:10.891  INFO 60128 --- [ault-executor-0] c.a.w.services.UserWalletService         : Get UserWalletEntity from DB with parameter userId, currencyCode 1 USD
2019-06-14 02:50:10.895  INFO 60128 --- [ault-executor-0] c.a.w.s.g.WalletServerGRpcServiceImpl    : processDepositRequest called after all validations passed!
2019-06-14 02:50:10.895  INFO 60128 --- [ault-executor-0] c.a.w.s.g.WalletServerGRpcServiceImpl    : Depositing into User Wallet UserWalletEntity(walletId=2, balance=100, userEntity=UserEntity{userId=1, fullName='Malik Adeel'}, currencyCode=USD)
2019-06-14 02:50:10.896  INFO 60128 --- [ault-executor-0] c.a.w.services.UserWalletService         : Save or update UserWalletEntity in DB UserWalletEntity(walletId=2, balance=100, userEntity=UserEntity{userId=1, fullName='Malik Adeel'}, currencyCode=USD)
2019-06-14 02:50:11.056  INFO 60128 --- [ault-executor-0] c.a.w.s.g.WalletServerGRpcServiceImpl    : User Wallet successfully updated! UserWalletEntity(walletId=2, balance=100, userEntity=UserEntity{userId=1, fullName='Malik Adeel'}, currencyCode=USD)
2019-06-14 02:50:11.077  INFO 60128 --- [    Test worker] c.a.w.AzWalletServerApplicationTests     : Sending request to server 
2019-06-14 02:50:11.092  INFO 60128 --- [ault-executor-0] c.a.w.s.g.WalletServerGRpcServiceImpl    : Server received request for Balance!
2019-06-14 02:50:11.153  INFO 60128 --- [    Test worker] c.a.w.AzWalletServerApplicationTests     : Sending request to server 
2019-06-14 02:50:11.156  INFO 60128 --- [dPoolExecutor-3] c.a.w.AzWalletServerApplicationTests     : Received response from server
2019-06-14 02:50:11.169  INFO 60128 --- [ault-executor-0] c.a.w.s.g.WalletServerGRpcServiceImpl    : Server received request for Withdraw!
2019-06-14 02:50:11.169  INFO 60128 --- [ault-executor-0] c.a.w.s.g.WalletServerGRpcServiceImpl    : validateAndProcessRequest method called!
2019-06-14 02:50:11.169  INFO 60128 --- [ault-executor-0] com.az.walletserver.util.CurrencyUtils   : Currency Code is valid by java.util.Currency, Currency Symbol USD $ 
2019-06-14 02:50:11.170  INFO 60128 --- [ault-executor-0] c.a.w.s.g.WalletServerGRpcServiceImpl    : validateUserIdAndProcess method called!
2019-06-14 02:50:11.173  INFO 60128 --- [ault-executor-0] c.a.w.s.g.WalletServerGRpcServiceImpl    : validateAmountAndProcess method called!
2019-06-14 02:50:11.174  INFO 60128 --- [ault-executor-0] c.a.w.s.g.WalletServerGRpcServiceImpl    : getUserWalletEntity method called userId 1 , currencyCode USD
2019-06-14 02:50:11.174  INFO 60128 --- [ault-executor-0] c.a.w.services.UserWalletService         : Get UserWalletEntity from DB with parameter userId, currencyCode 1 USD
2019-06-14 02:50:11.181  INFO 60128 --- [ault-executor-0] c.a.w.s.g.WalletServerGRpcServiceImpl    : processWithdrawRequest called after all the validations passed!
2019-06-14 02:50:11.181  INFO 60128 --- [ault-executor-0] c.a.w.s.g.WalletServerGRpcServiceImpl    : Requested amount should be <= user wallet balance requestAmount 200, userWalletBalance 100 
2019-06-14 02:50:11.197  INFO 60128 --- [    Test worker] c.a.w.AzWalletServerApplicationTests     : Sending request to server 
2019-06-14 02:50:11.206  INFO 60128 --- [ault-executor-1] c.a.w.s.g.WalletServerGRpcServiceImpl    : Server Receive Deposit request!
2019-06-14 02:50:11.207  INFO 60128 --- [ault-executor-1] c.a.w.s.g.WalletServerGRpcServiceImpl    : validateAndProcessRequest method called!
2019-06-14 02:50:11.208  INFO 60128 --- [ault-executor-1] com.az.walletserver.util.CurrencyUtils   : Currency Code is valid by java.util.Currency, Currency Symbol EUR EUR 
2019-06-14 02:50:11.209  INFO 60128 --- [ault-executor-1] c.a.w.s.g.WalletServerGRpcServiceImpl    : validateUserIdAndProcess method called!
2019-06-14 02:50:11.212  INFO 60128 --- [ault-executor-1] c.a.w.s.g.WalletServerGRpcServiceImpl    : validateAmountAndProcess method called!
2019-06-14 02:50:11.212  INFO 60128 --- [ault-executor-1] c.a.w.s.g.WalletServerGRpcServiceImpl    : getUserWalletEntity method called userId 1 , currencyCode EUR
2019-06-14 02:50:11.213  INFO 60128 --- [ault-executor-1] c.a.w.services.UserWalletService         : Get UserWalletEntity from DB with parameter userId, currencyCode 1 EUR
2019-06-14 02:50:11.073  INFO 60128 --- [dPoolExecutor-2] c.a.w.AzWalletServerApplicationTests     : Wallet Response response_status: DEPOSIT_SUCCESS
response_message: "Status{code=OK, description=null, cause=null}"

2019-06-14 02:50:11.218  INFO 60128 --- [ault-executor-1] c.a.w.s.g.WalletServerGRpcServiceImpl    : processDepositRequest called after all validations passed!
2019-06-14 02:50:11.218  INFO 60128 --- [ault-executor-1] c.a.w.s.g.WalletServerGRpcServiceImpl    : Depositing into User Wallet UserWalletEntity(walletId=1, balance=100, userEntity=UserEntity{userId=1, fullName='Malik Adeel'}, currencyCode=EUR)
2019-06-14 02:50:11.219  INFO 60128 --- [ault-executor-1] c.a.w.services.UserWalletService         : Save or update UserWalletEntity in DB UserWalletEntity(walletId=1, balance=100, userEntity=UserEntity{userId=1, fullName='Malik Adeel'}, currencyCode=EUR)
2019-06-14 02:50:11.303  INFO 60128 --- [ault-executor-1] c.a.w.s.g.WalletServerGRpcServiceImpl    : User Wallet successfully updated! UserWalletEntity(walletId=1, balance=100, userEntity=UserEntity{userId=1, fullName='Malik Adeel'}, currencyCode=EUR)
2019-06-14 02:50:11.306  INFO 60128 --- [dPoolExecutor-1] c.a.w.AzWalletServerApplicationTests     : Wallet Response response_status: DEPOSIT_SUCCESS
response_message: "Status{code=OK, description=null, cause=null}"

2019-06-14 02:50:11.313  INFO 60128 --- [    Test worker] c.a.w.AzWalletServerApplicationTests     : Sending request to server 
2019-06-14 02:50:11.342  INFO 60128 --- [ault-executor-1] c.a.w.s.g.WalletServerGRpcServiceImpl    : Server received request for Balance!
2019-06-14 02:50:11.362  INFO 60128 --- [    Test worker] c.a.w.AzWalletServerApplicationTests     : Sending request to server 
2019-06-14 02:50:11.368  INFO 60128 --- [ault-executor-1] c.a.w.s.g.WalletServerGRpcServiceImpl    : Server received request for Balance!
2019-06-14 02:50:11.374  INFO 60128 --- [dPoolExecutor-3] c.a.w.AzWalletServerApplicationTests     : Received response from server
2019-06-14 02:50:11.378  INFO 60128 --- [dPoolExecutor-3] c.a.w.AzWalletServerApplicationTests     : Received response from server
2019-06-14 02:50:11.384  INFO 60128 --- [    Test worker] c.a.w.AzWalletServerApplicationTests     : Sending request to server 
2019-06-14 02:50:11.400  INFO 60128 --- [ault-executor-1] c.a.w.s.g.WalletServerGRpcServiceImpl    : Server received request for Withdraw!
2019-06-14 02:50:11.401  INFO 60128 --- [ault-executor-1] c.a.w.s.g.WalletServerGRpcServiceImpl    : validateAndProcessRequest method called!
2019-06-14 02:50:11.401  INFO 60128 --- [ault-executor-1] com.az.walletserver.util.CurrencyUtils   : Currency Code is valid by java.util.Currency, Currency Symbol USD $ 
2019-06-14 02:50:11.401  INFO 60128 --- [ault-executor-1] c.a.w.s.g.WalletServerGRpcServiceImpl    : validateUserIdAndProcess method called!
2019-06-14 02:50:11.406  INFO 60128 --- [ault-executor-1] c.a.w.s.g.WalletServerGRpcServiceImpl    : validateAmountAndProcess method called!
2019-06-14 02:50:11.407  INFO 60128 --- [ault-executor-1] c.a.w.s.g.WalletServerGRpcServiceImpl    : getUserWalletEntity method called userId 1 , currencyCode USD
2019-06-14 02:50:11.407  INFO 60128 --- [ault-executor-1] c.a.w.services.UserWalletService         : Get UserWalletEntity from DB with parameter userId, currencyCode 1 USD
2019-06-14 02:50:11.413  INFO 60128 --- [ault-executor-1] c.a.w.s.g.WalletServerGRpcServiceImpl    : processWithdrawRequest called after all the validations passed!
2019-06-14 02:50:11.414  INFO 60128 --- [ault-executor-1] c.a.w.s.g.WalletServerGRpcServiceImpl    : Requested amount should be <= user wallet balance requestAmount 200, userWalletBalance 100 
2019-06-14 02:50:11.424  INFO 60128 --- [    Test worker] c.a.w.AzWalletServerApplicationTests     : Sending request to server 
2019-06-14 02:50:11.434  INFO 60128 --- [ault-executor-1] c.a.w.s.g.WalletServerGRpcServiceImpl    : Server Receive Deposit request!
2019-06-14 02:50:11.434  INFO 60128 --- [ault-executor-1] c.a.w.s.g.WalletServerGRpcServiceImpl    : validateAndProcessRequest method called!
2019-06-14 02:50:11.434  INFO 60128 --- [ault-executor-1] com.az.walletserver.util.CurrencyUtils   : Currency Code is valid by java.util.Currency, Currency Symbol USD $ 
2019-06-14 02:50:11.434  INFO 60128 --- [ault-executor-1] c.a.w.s.g.WalletServerGRpcServiceImpl    : validateUserIdAndProcess method called!
2019-06-14 02:50:11.444  INFO 60128 --- [ault-executor-1] c.a.w.s.g.WalletServerGRpcServiceImpl    : validateAmountAndProcess method called!
2019-06-14 02:50:11.444  INFO 60128 --- [ault-executor-1] c.a.w.s.g.WalletServerGRpcServiceImpl    : getUserWalletEntity method called userId 1 , currencyCode USD
2019-06-14 02:50:11.445  INFO 60128 --- [ault-executor-1] c.a.w.services.UserWalletService         : Get UserWalletEntity from DB with parameter userId, currencyCode 1 USD
2019-06-14 02:50:11.450  INFO 60128 --- [ault-executor-1] c.a.w.s.g.WalletServerGRpcServiceImpl    : processDepositRequest called after all validations passed!
2019-06-14 02:50:11.450  INFO 60128 --- [ault-executor-1] c.a.w.s.g.WalletServerGRpcServiceImpl    : Depositing into User Wallet UserWalletEntity(walletId=2, balance=200, userEntity=UserEntity{userId=1, fullName='Malik Adeel'}, currencyCode=USD)
2019-06-14 02:50:11.451  INFO 60128 --- [ault-executor-1] c.a.w.services.UserWalletService         : Save or update UserWalletEntity in DB UserWalletEntity(walletId=2, balance=200, userEntity=UserEntity{userId=1, fullName='Malik Adeel'}, currencyCode=USD)
2019-06-14 02:50:11.549  INFO 60128 --- [ault-executor-1] c.a.w.s.g.WalletServerGRpcServiceImpl    : User Wallet successfully updated! UserWalletEntity(walletId=2, balance=200, userEntity=UserEntity{userId=1, fullName='Malik Adeel'}, currencyCode=USD)
2019-06-14 02:50:11.552  INFO 60128 --- [dPoolExecutor-1] c.a.w.AzWalletServerApplicationTests     : Wallet Response response_status: DEPOSIT_SUCCESS
response_message: "Status{code=OK, description=null, cause=null}"

2019-06-14 02:50:11.558  INFO 60128 --- [    Test worker] c.a.w.AzWalletServerApplicationTests     : Sending request to server 
2019-06-14 02:50:11.565  INFO 60128 --- [ault-executor-1] c.a.w.s.g.WalletServerGRpcServiceImpl    : Server received request for Balance!
2019-06-14 02:50:11.573  INFO 60128 --- [    Test worker] c.a.w.AzWalletServerApplicationTests     : Sending request to server 
2019-06-14 02:50:11.573  INFO 60128 --- [dPoolExecutor-3] c.a.w.AzWalletServerApplicationTests     : Received response from server
2019-06-14 02:50:11.576  INFO 60128 --- [ault-executor-1] c.a.w.s.g.WalletServerGRpcServiceImpl    : Server received request for Balance!
2019-06-14 02:50:11.585  INFO 60128 --- [dPoolExecutor-4] c.a.w.AzWalletServerApplicationTests     : Received response from server
2019-06-14 02:50:11.590  INFO 60128 --- [    Test worker] c.a.w.AzWalletServerApplicationTests     : Sending request to server 
2019-06-14 02:50:11.598  INFO 60128 --- [ault-executor-0] c.a.w.s.g.WalletServerGRpcServiceImpl    : Server received request for Withdraw!
2019-06-14 02:50:11.598  INFO 60128 --- [ault-executor-0] c.a.w.s.g.WalletServerGRpcServiceImpl    : validateAndProcessRequest method called!
2019-06-14 02:50:11.598  INFO 60128 --- [ault-executor-0] com.az.walletserver.util.CurrencyUtils   : Currency Code is valid by java.util.Currency, Currency Symbol USD $ 
2019-06-14 02:50:11.599  INFO 60128 --- [ault-executor-0] c.a.w.s.g.WalletServerGRpcServiceImpl    : validateUserIdAndProcess method called!
2019-06-14 02:50:11.602  INFO 60128 --- [ault-executor-0] c.a.w.s.g.WalletServerGRpcServiceImpl    : validateAmountAndProcess method called!
2019-06-14 02:50:11.602  INFO 60128 --- [ault-executor-0] c.a.w.s.g.WalletServerGRpcServiceImpl    : getUserWalletEntity method called userId 1 , currencyCode USD
2019-06-14 02:50:11.603  INFO 60128 --- [ault-executor-0] c.a.w.services.UserWalletService         : Get UserWalletEntity from DB with parameter userId, currencyCode 1 USD
2019-06-14 02:50:11.609  INFO 60128 --- [ault-executor-0] c.a.w.s.g.WalletServerGRpcServiceImpl    : processWithdrawRequest called after all the validations passed!
2019-06-14 02:50:11.609  INFO 60128 --- [ault-executor-0] c.a.w.s.g.WalletServerGRpcServiceImpl    : Withdrawing from User Wallet UserWalletEntity(walletId=2, balance=0, userEntity=UserEntity{userId=1, fullName='Malik Adeel'}, currencyCode=USD)
2019-06-14 02:50:11.610  INFO 60128 --- [ault-executor-0] c.a.w.services.UserWalletService         : Save or update UserWalletEntity in DB UserWalletEntity(walletId=2, balance=0, userEntity=UserEntity{userId=1, fullName='Malik Adeel'}, currencyCode=USD)
2019-06-14 02:50:11.690  INFO 60128 --- [ault-executor-0] c.a.w.s.g.WalletServerGRpcServiceImpl    : User Wallet successfully updated! UserWalletEntity(walletId=2, balance=0, userEntity=UserEntity{userId=1, fullName='Malik Adeel'}, currencyCode=USD)
2019-06-14 02:50:11.692  INFO 60128 --- [dPoolExecutor-2] c.a.w.AzWalletServerApplicationTests     : Wallet Response WITHDRAW_SUCCESS
2019-06-14 02:50:11.696  INFO 60128 --- [    Test worker] c.a.w.AzWalletServerApplicationTests     : Sending request to server 
2019-06-14 02:50:11.701  INFO 60128 --- [ault-executor-0] c.a.w.s.g.WalletServerGRpcServiceImpl    : Server received request for Balance!
2019-06-14 02:50:11.708  INFO 60128 --- [dPoolExecutor-1] c.a.w.AzWalletServerApplicationTests     : Received response from server
2019-06-14 02:50:11.714  INFO 60128 --- [    Test worker] c.a.w.AzWalletServerApplicationTests     : Sending request to server 
2019-06-14 02:50:11.902  INFO 60128 --- [ault-executor-0] c.a.w.s.g.WalletServerGRpcServiceImpl    : Server received request for Withdraw!
2019-06-14 02:50:11.902  INFO 60128 --- [ault-executor-0] c.a.w.s.g.WalletServerGRpcServiceImpl    : validateAndProcessRequest method called!
2019-06-14 02:50:11.902  INFO 60128 --- [ault-executor-0] com.az.walletserver.util.CurrencyUtils   : Currency Code is valid by java.util.Currency, Currency Symbol USD $ 
2019-06-14 02:50:11.903  INFO 60128 --- [ault-executor-0] c.a.w.s.g.WalletServerGRpcServiceImpl    : validateUserIdAndProcess method called!
2019-06-14 02:50:11.907  INFO 60128 --- [ault-executor-0] c.a.w.s.g.WalletServerGRpcServiceImpl    : validateAmountAndProcess method called!
2019-06-14 02:50:11.907  INFO 60128 --- [ault-executor-0] c.a.w.s.g.WalletServerGRpcServiceImpl    : getUserWalletEntity method called userId 1 , currencyCode USD
2019-06-14 02:50:11.907  INFO 60128 --- [ault-executor-0] c.a.w.services.UserWalletService         : Get UserWalletEntity from DB with parameter userId, currencyCode 1 USD
2019-06-14 02:50:11.913  INFO 60128 --- [ault-executor-0] c.a.w.s.g.WalletServerGRpcServiceImpl    : processWithdrawRequest called after all the validations passed!
2019-06-14 02:50:11.913  INFO 60128 --- [ault-executor-0] c.a.w.s.g.WalletServerGRpcServiceImpl    : Requested amount should be <= user wallet balance requestAmount 200, userWalletBalance 0 
]]></system-out>
  <system-err><![CDATA[]]></system-err>
</testsuite>
